Arguments: 
  /usr/local/bin/node /usr/local/lib/node_modules/@sanity/cli/vendor/yarn install --json --non-interactive --ignore-engines --registry https://registry.npmjs.org

PATH: 
  /Users/cmueller/Repositories/coming-soon-splash-pages/sanity-template-ryno-coming-soon/template/studio/node_modules/.bin:/Users/cmueller/Repositories/coming-soon-splash-pages/sanity-template-ryno-coming-soon/template/node_modules/.bin:/Users/cmueller/Repositories/coming-soon-splash-pages/sanity-template-ryno-coming-soon/node_modules/.bin:/Users/cmueller/Repositories/coming-soon-splash-pages/node_modules/.bin:/Users/cmueller/Repositories/node_modules/.bin:/Users/cmueller/node_modules/.bin:/Users/node_modules/.bin:/node_modules/.bin:/usr/local/bin:/usr/local/lib/node_modules/vendor:/usr/local/bin:/usr/bin:/bin:/usr/sbin:/sbin

Yarn version: 
  1.6.0

Node version: 
  10.15.3

Platform: 
  darwin x64

Trace: 
  SyntaxError: /Users/cmueller/Repositories/coming-soon-splash-pages/sanity-template-ryno-coming-soon/package.json: Unexpected token } in JSON at position 269
      at JSON.parse (<anonymous>)
      at /usr/local/lib/node_modules/@sanity/cli/vendor/yarn:1160:59
      at Generator.next (<anonymous>)
      at step (/usr/local/lib/node_modules/@sanity/cli/vendor/yarn:128:30)
      at /usr/local/lib/node_modules/@sanity/cli/vendor/yarn:139:13

npm manifest: 
  {
    "name": "sanityprojecttitle",
    "private": true,
    "version": "1.0.0",
    "description": "",
    "main": "package.json",
    "author": "ryno-cmueller <cmueller@rynoss.com>",
    "license": "UNLICENSED",
    "scripts": {
      "start": "sanity start",
      "build": "sanity build"
    },
    "keywords": [
      "sanity"
    ],
    "dependencies": {
      "@sanity/base": "^2.1.4",
      "@sanity/components": "^2.1.4",
      "@sanity/core": "^2.1.4",
      "@sanity/default-layout": "^2.1.4",
      "@sanity/default-login": "^2.1.4",
      "@sanity/desk-tool": "^2.1.4",
      "@sanity/vision": "^2.1.4",
      "prop-types": "^15.7",
      "react": "^17.0",
      "react-dom": "^17.0"
    },
    "devDependencies": {}
  }

yarn manifest: 
  No manifest

Lockfile: 
  No lockfile
